<?xml version="1.0" encoding="UTF-8"?>
<robot generator="Robot 3.2.1 (Python 3.8.3 on win32)" generated="20200713 19:34:04.597" rpa="false">
<suite id="s1" name="IntroRobotFramework" source="C:\Users\louat\eclipse-workspace\IntroRobotFramework">
<suite id="s1-s1" name="LoginTest" source="C:\Users\louat\eclipse-workspace\IntroRobotFramework\LoginTest.robot">
<test id="s1-s1-t1" name="loginTestRobot">
<kw name="Open Browser" library="SeleniumLibrary">
<doc>Opens a new browser instance to the optional ``url``.</doc>
<arguments>
<arg>${URL}</arg>
<arg>${Browser}</arg>
</arguments>
<msg timestamp="20200713 19:34:05.920" level="INFO">Opening browser 'gc' to base url 'https opensource demo.orangehrmlive.com/index.php/auth/login gc'.</msg>
<kw name="Capture Page Screenshot" library="SeleniumLibrary">
<doc>Takes a screenshot of the current page and embeds it into a log file.</doc>
<msg timestamp="20200713 19:34:11.830" level="INFO" html="yes">&lt;/td&gt;&lt;/tr&gt;&lt;tr&gt;&lt;td colspan="3"&gt;&lt;a href="selenium-screenshot-7.png"&gt;&lt;img src="selenium-screenshot-7.png" width="800px"&gt;&lt;/a&gt;</msg>
<status status="PASS" starttime="20200713 19:34:11.489" endtime="20200713 19:34:11.831"></status>
</kw>
<msg timestamp="20200713 19:34:11.841" level="FAIL">InvalidArgumentException: Message: invalid argument
  (Session info: chrome=83.0.4103.116)
</msg>
<status status="FAIL" starttime="20200713 19:34:05.917" endtime="20200713 19:34:11.841"></status>
</kw>
<doc>ceci est un test de login/logout</doc>
<status status="FAIL" starttime="20200713 19:34:05.913" endtime="20200713 19:34:11.842" critical="yes">InvalidArgumentException: Message: invalid argument
  (Session info: chrome=83.0.4103.116)
</status>
</test>
<status status="FAIL" starttime="20200713 19:34:04.880" endtime="20200713 19:34:11.845"></status>
</suite>
<status status="FAIL" starttime="20200713 19:34:04.745" endtime="20200713 19:34:11.853"></status>
</suite>
<statistics>
<total>
<stat pass="0" fail="1">Critical Tests</stat>
<stat pass="0" fail="1">All Tests</stat>
</total>
<tag>
</tag>
<suite>
<stat pass="0" fail="1" id="s1" name="IntroRobotFramework">IntroRobotFramework</stat>
<stat pass="0" fail="1" id="s1-s1" name="LoginTest">IntroRobotFramework.LoginTest</stat>
</suite>
</statistics>
<errors>
</errors>
</robot>
